*** Using Compiler 'V5.06 update 5 (build 528)', folder: 'C:\Application\Keil_v5\ARM\ARMCC\Bin'
Build target 'FreeRTOS'
compiling main.c...
compiling motor.c...
compiling adc.c...
compiling encoder.c...
compiling system.c...
compiling key.c...
compiling LED.C...
compiling can.c...
compiling pstwo.c...
compiling oled.c...
compiling timer.c...
compiling usartx.c...
compiling PID.c...
compiling balance.c...
..\BALANCE\balance.c(175): error:  #268: declaration may not appear after executable statement in block
  	u32 lastWakeTime = getSysTickCnt();
..\BALANCE\balance.c: 0 warnings, 1 error
compiling robot_select_init.c...
compiling show.c...
compiling MPU6050.c...
compiling I2C.c...
"..\OBJ\WHEELTEC.axf" - 1 Error(s), 0 Warning(s).
Target not created.
Build Time Elapsed:  00:00:04
